<?xml version="1.0" encoding="UTF-8"?>
<testng-results ignored="0" total="1" passed="1" failed="0" skipped="0">
  <reporter-output>
  </reporter-output>
  <suite started-at="2022-09-20T22:05:19 IST" name="Default suite" finished-at="2022-09-20T22:05:54 IST" duration-ms="35088">
    <groups>
    </groups>
    <test started-at="2022-09-20T22:05:19 IST" name="Default test" finished-at="2022-09-20T22:05:54 IST" duration-ms="35088">
      <class name="SeleniumWork">
        <test-method is-config="true" signature="setUp()[pri:0, instance:SeleniumWork@2cb4893b]" started-at="2022-09-20T22:05:19 IST" name="setUp" finished-at="2022-09-20T22:05:25 IST" duration-ms="6194" status="PASS">
          <reporter-output>
          </reporter-output>
        </test-method> <!-- setUp -->
        <test-method signature="testdata()[pri:0, instance:SeleniumWork@2cb4893b]" started-at="2022-09-20T22:05:25 IST" name="testdata" finished-at="2022-09-20T22:05:53 IST" duration-ms="28076" status="PASS">
          <reporter-output>
          </reporter-output>
        </test-method> <!-- testdata -->
        <test-method is-config="true" signature="tearDown()[pri:0, instance:SeleniumWork@2cb4893b]" started-at="2022-09-20T22:05:53 IST" name="tearDown" finished-at="2022-09-20T22:05:54 IST" duration-ms="757" status="PASS">
          <reporter-output>
          </reporter-output>
        </test-method> <!-- tearDown -->
      </class> <!-- SeleniumWork -->
    </test> <!-- Default test -->
  </suite> <!-- Default suite -->
</testng-results>
